<?xml version="1.0" encoding="UTF-8" ?>
<testsuite errors="0" failures="0" hostname="DESKTOP-GHTTUME" name="org.huberb.nbwordcount.model.counters.SimpleLineCounterTest" skipped="0" tests="5" time="0.047" timestamp="2017-10-05T19:20:27">
  <properties>
[...]
</properties>
  <testcase classname="org.huberb.nbwordcount.model.counters.SimpleLineCounterTest" name="testCount" time="0.016" />
  <testcase classname="org.huberb.nbwordcount.model.counters.SimpleLineCounterTest" name="testGetCountOfCharacter" time="0.0" />
  <testcase classname="org.huberb.nbwordcount.model.counters.SimpleLineCounterTest" name="testGetCounterInfo" time="0.0" />
  <testcase classname="org.huberb.nbwordcount.model.counters.SimpleLineCounterTest" name="testGetCountOfLines" time="0.0" />
  <testcase classname="org.huberb.nbwordcount.model.counters.SimpleLineCounterTest" name="testGetCountOfWords" time="0.0" />
  <system-out><![CDATA[]]></system-out>
  <system-err><![CDATA[]]></system-err>
</testsuite>
