<?xml version="1.0" encoding="UTF-8" ?>
<testsuite errors="0" failures="0" name="org.netbeans.modules.policysupport.PolicySyntaxTest" tests="6" time="1.913">
  <properties>
[...]
</properties>
  <testcase classname="org.netbeans.modules.policysupport.PolicySyntaxTest" name="testParseToken1" time="1.823"></testcase>
  <testcase classname="org.netbeans.modules.policysupport.PolicySyntaxTest" name="testParseToken2" time="0.0"></testcase>
  <testcase classname="org.netbeans.modules.policysupport.PolicySyntaxTest" name="testParseToken3" time="0.0"></testcase>
  <testcase classname="org.netbeans.modules.policysupport.PolicySyntaxTest" name="testIsNewline" time="0.01"></testcase>
  <testcase classname="org.netbeans.modules.policysupport.PolicySyntaxTest" name="testIsWhitespace" time="0.0"></testcase>
  <testcase classname="org.netbeans.modules.policysupport.PolicySyntaxTest" name="testIsSpecialChar" time="0.0"></testcase>
  <system-out><![CDATA[keyword
whitespace
keyword
whitespace
string
whitespace
specialchar
whitespace
keyword
whitespace
permission
specialchar
whitespace
specialchar
specialchar
null
---
string
specialchar
null
---
comment
whitespace
comment
keyword
whitespace
keyword
whitespace
string
whitespace
specialchar
whitespace
keyword
whitespace
permission
specialchar
whitespace
specialchar
specialchar
null
---
]]></system-out>
  <system-err><![CDATA[]]></system-err>
</testsuite>
